[Tue, 13 May 14 07:28:24 +0000][INFO] - (Multimodphalcondb . Users) The User 'admin' has been updated.
[Tue, 13 May 14 07:29:36 +0000][INFO] - (Multimodphalcondb . Users) The User 'admin' has been updated.
[Tue, 13 May 14 07:29:53 +0000][INFO] - (Multimodphalcondb . Users) The User 'gopinathr511' has been updated.
[Tue, 13 May 14 07:30:15 +0000][INFO] - (Multimodphalcondb . Users) The User 'gopinathr511' has been updated.
[Tue, 13 May 14 07:31:51 +0000][INFO] - (Multimodphalcondb . Users) The User 'admin' has been updated.
[Tue, 13 May 14 07:31:59 +0000][INFO] - (Multimodphalcondb . Users) The User 'admin' has been updated.
[Tue, 13 May 14 07:52:09 +0000][INFO] - (Multimodphalcondb . Users) The User 'admin' has been updated.
[Tue, 13 May 14 07:52:11 +0000][INFO] - (Multimodphalcondb . Users) The User 'admin' has been updated.
[Tue, 13 May 14 07:52:14 +0000][INFO] - (Multimodphalcondb . Users) The User 'admin' has been updated.
[Tue, 13 May 14 07:52:16 +0000][INFO] - (Multimodphalcondb . Users) The User 'admin' has been updated.
[Tue, 13 May 14 07:52:18 +0000][INFO] - (Multimodphalcondb . Users) The User 'admin' has been updated.
[Tue, 13 May 14 07:52:21 +0000][INFO] - (Multimodphalcondb . Users) The User 'admin' has been updated.
[Tue, 13 May 14 07:52:23 +0000][INFO] - (Multimodphalcondb . Users) The User 'admin' has been updated.
[Tue, 13 May 14 07:52:25 +0000][INFO] - (Multimodphalcondb . Users) The User 'admin' has been updated.
[Tue, 13 May 14 07:52:28 +0000][INFO] - (Multimodphalcondb . Users) The User 'admin' has been updated.
[Tue, 13 May 14 07:52:30 +0000][INFO] - (Multimodphalcondb . Users) The User 'admin' has been updated.
[Tue, 13 May 14 07:52:32 +0000][INFO] - (Multimodphalcondb . Users) The User 'admin' has been updated.
[Tue, 13 May 14 07:53:00 +0000][INFO] - (Multimodphalcondb . Users) The User 'admin' has been updated.
[Tue, 13 May 14 07:53:02 +0000][INFO] - (Multimodphalcondb . Users) The User 'admin' has been updated.
[Tue, 13 May 14 07:53:05 +0000][INFO] - (Multimodphalcondb . Users) The User 'admin' has been updated.
[Tue, 13 May 14 07:53:07 +0000][INFO] - (Multimodphalcondb . Users) The User 'admin' has been updated.
[Tue, 13 May 14 07:53:09 +0000][INFO] - (Multimodphalcondb . Users) The User 'admin' has been updated.
[Tue, 13 May 14 07:53:12 +0000][INFO] - (Multimodphalcondb . Users) The User 'admin' has been updated.
[Tue, 13 May 14 07:53:14 +0000][INFO] - (Multimodphalcondb . Users) The User 'admin' has been updated.
[Tue, 13 May 14 07:53:16 +0000][INFO] - (Multimodphalcondb . Users) The User 'admin' has been updated.
[Tue, 13 May 14 07:53:19 +0000][INFO] - (Multimodphalcondb . Users) The User 'admin' has been updated.
[Tue, 13 May 14 07:53:21 +0000][INFO] - (Multimodphalcondb . Users) The User 'admin' has been updated.
[Tue, 13 May 14 07:53:23 +0000][INFO] - (Multimodphalcondb . Users) The User 'admin' has been updated.
[Tue, 13 May 14 07:58:57 +0000][INFO] - (Multimodphalcondb . Users) The User 'admin' has been updated.
[Tue, 13 May 14 07:59:05 +0000][INFO] - (Multimodphalcondb . Users) The User 'admin' has been updated.
[Tue, 13 May 14 07:59:24 +0000][INFO] - (Multimodphalcondb . Users) The User 'gopinathr511' has been updated.
[Tue, 13 May 14 07:59:49 +0000][INFO] - (Multimodphalcondb . Users) The User 'gopinathr511' has been updated.
[Tue, 13 May 14 08:05:30 +0000][INFO] - (Multimodphalcondb . Users) The User 'admin' has been updated.
[Tue, 13 May 14 08:08:08 +0000][INFO] - (Multimodphalcondb . Users) The User 'admin' has been updated.
[Tue, 13 May 14 08:13:52 +0000][INFO] - (Multimodphalcondb . Users) The User 'admin' has been updated.
[Tue, 13 May 14 08:14:27 +0000][INFO] - (Multimodphalcondb . Users) The User 'admin' has been updated.
[Tue, 13 May 14 09:01:19 +0000][INFO] - (Multimodphalcondb . Users) The User 'admin' has been updated.
[Tue, 13 May 14 09:01:46 +0000][INFO] - (Multimodphalcondb . Users) The User 'admin' has been updated.
[Tue, 13 May 14 09:02:01 +0000][INFO] - (Multimodphalcondb . Users) The User 'gopinathr511' has been updated.
[Tue, 13 May 14 09:02:10 +0000][INFO] - (Multimodphalcondb . Users) The User 'gopinathr511' has been updated.
[Tue, 13 May 14 09:08:37 +0000][INFO] - (Multimodphalcondb . Users) The User 'gopinathr511' has been updated.
[Tue, 13 May 14 11:05:59 +0000][INFO] - (Multimodphalcondb . Users) The User 'gopinathr511' has been updated.
[Tue, 13 May 14 11:15:52 +0000][INFO] - (Multimodphalcondb . Users) The User 'admin' has been updated.
[Tue, 13 May 14 11:15:57 +0000][INFO] - (Multimodphalcondb . Users) The User 'admin' has been updated.
[Tue, 13 May 14 11:16:10 +0000][INFO] - (Multimodphalcondb . Users) The User 'gopinathr511' has been updated.
[Tue, 13 May 14 11:16:20 +0000][INFO] - (Multimodphalcondb . Users) The User 'gopinathr511' has been updated.
[Tue, 13 May 14 11:18:02 +0000][INFO] - (Multimodphalcondb . Users) The User 'gopinathr511' has been updated.
[Tue, 13 May 14 11:18:31 +0000][INFO] - (Multimodphalcondb . Users) The User 'gopinathr511' has been updated.
[Tue, 13 May 14 11:42:44 +0000][INFO] - (Multimodphalcondb . Users) The User 'admin' has been updated.
[Tue, 13 May 14 11:44:17 +0000][INFO] - (Multimodphalcondb . Users) The User 'admin' has been updated.
[Tue, 13 May 14 13:15:55 +0000][INFO] - (Multimodphalcondb . Users) The User 'admin' has been updated.
[Tue, 13 May 14 13:17:13 +0000][INFO] - (Multimodphalcondb . Users) The User 'admin' has been updated.
[Tue, 13 May 14 13:34:45 +0000][INFO] - (Multimodphalcondb . Users) The User 'admin' has been updated.
[Tue, 13 May 14 13:35:30 +0000][INFO] - (Multimodphalcondb . Users) The User 'admin' has been updated.
[Tue, 13 May 14 13:37:01 +0000][INFO] - (Multimodphalcondb . Users) The User 'admin' has been updated.
[Tue, 13 May 14 13:38:26 +0000][INFO] - (Multimodphalcondb . Users) The User 'admin' has been updated.
[Tue, 13 May 14 13:38:54 +0000][INFO] - (Multimodphalcondb . Users) The User 'admin' has been updated.
[Tue, 13 May 14 13:43:06 +0000][INFO] - (Multimodphalcondb . Users) The User 'admin' has been updated.
[Tue, 13 May 14 13:45:59 +0000][INFO] - (Multimodphalcondb . Users) The User 'admin' has been updated.
[Tue, 13 May 14 13:46:10 +0000][INFO] - (Multimodphalcondb . Users) The User 'admin' has been updated.
[Tue, 13 May 14 13:46:16 +0000][INFO] - (Multimodphalcondb . Users) The User 'admin' has been updated.
[Tue, 13 May 14 13:46:22 +0000][INFO] - (Multimodphalcondb . Users) The User 'admin' has been updated.
[Tue, 13 May 14 13:46:35 +0000][INFO] - (Multimodphalcondb . Users) The User 'gopinathr511' has been updated.
[Tue, 13 May 14 13:46:51 +0000][INFO] - (Multimodphalcondb . Users) The User 'gopinathr511' has been updated.
[Wed, 14 May 14 09:01:08 +0000][INFO] - (Multimodphalcondb . Users) The User 'gopinathr511' has been updated.
[Wed, 14 May 14 09:01:26 +0000][INFO] - (Multimodphalcondb . Users) The User 'gopinathr511' has been updated.
[Wed, 14 May 14 09:03:07 +0000][INFO] - (Multimodphalcondb . Users) The User 'gopinathr511' has been updated.
[Wed, 14 May 14 09:03:35 +0000][INFO] - (Multimodphalcondb . Users) The User 'gopinathr511' has been updated.
[Wed, 14 May 14 09:03:45 +0000][INFO] - (Multimodphalcondb . Users) The User 'admin' has been updated.
[Wed, 14 May 14 09:03:56 +0000][INFO] - (Multimodphalcondb . Users) The User 'admin' has been updated.
[Wed, 14 May 14 09:05:26 +0000][INFO] - (Multimodphalcondb . Users) The User 'admin' has been updated.
[Wed, 14 May 14 09:09:15 +0000][INFO] - (Multimodphalcondb . Users) The User 'admin' has been updated.
[Wed, 14 May 14 09:09:30 +0000][INFO] - (Multimodphalcondb . Users) The User 'admin' has been updated.
[Wed, 14 May 14 09:10:15 +0000][INFO] - (Multimodphalcondb . Users) The User 'admin' has been updated.
[Wed, 14 May 14 09:10:38 +0000][INFO] - (Multimodphalcondb . Users) The User 'admin' has been updated.
[Wed, 14 May 14 09:11:24 +0000][INFO] - (Multimodphalcondb . Users) The User 'admin' has been updated.
[Wed, 14 May 14 09:11:30 +0000][INFO] - (Multimodphalcondb . Users) The User 'admin' has been updated.
[Wed, 14 May 14 09:11:40 +0000][INFO] - (Multimodphalcondb . Users) The User 'admin' has been updated.
[Wed, 14 May 14 09:26:43 +0000][INFO] - (Multimodphalcondb . Users) The User 'admin' has been updated.
[Wed, 14 May 14 09:30:50 +0000][INFO] - (Multimodphalcondb . Users) The User 'admin' has been updated.
[Wed, 14 May 14 09:30:58 +0000][INFO] - (Multimodphalcondb . Users) The User 'admin' has been updated.
[Wed, 14 May 14 09:31:12 +0000][INFO] - (Multimodphalcondb . Users) The User 'admin' has been updated.
[Wed, 14 May 14 09:31:51 +0000][INFO] - (Multimodphalcondb . Users) The User 'admin' has been updated.
[Wed, 14 May 14 09:31:56 +0000][INFO] - (Multimodphalcondb . Users) The User 'admin' has been updated.
[Wed, 14 May 14 09:32:12 +0000][INFO] - (Multimodphalcondb . Users) The User 'gopinathr511' has been updated.
[Wed, 14 May 14 09:32:51 +0000][INFO] - (Multimodphalcondb . Users) The User 'admin' has been updated.
[Wed, 14 May 14 09:35:15 +0000][INFO] - (Multimodphalcondb . Users) The User 'gopinathr511' has been updated.
[Wed, 14 May 14 09:35:16 +0000][INFO] - (Multimodphalcondb . Users) The User 'admin' has been updated.
[Wed, 14 May 14 09:35:33 +0000][INFO] - (Multimodphalcondb . Users) The User 'admin' has been updated.
[Wed, 14 May 14 09:35:39 +0000][INFO] - (Multimodphalcondb . Users) The User 'admin' has been updated.
[Wed, 14 May 14 09:43:30 +0000][INFO] - (Multimodphalcondb . Users) The User 'gopinathr511' has been updated.
[Wed, 14 May 14 09:43:47 +0000][INFO] - (Multimodphalcondb . Users) The User 'admin' has been updated.
[Wed, 14 May 14 09:44:10 +0000][INFO] - (Multimodphalcondb . Users) The User 'gopinathr511' has been updated.
[Wed, 14 May 14 09:44:58 +0000][INFO] - (Multimodphalcondb . Users) The User 'admin' has been updated.
[Wed, 14 May 14 09:45:36 +0000][INFO] - (Multimodphalcondb . Users) The User 'gopinathr511' has been updated.
[Wed, 14 May 14 09:45:57 +0000][INFO] - (Multimodphalcondb . Users) The User 'admin' has been updated.
[Wed, 14 May 14 09:46:51 +0000][INFO] - (Multimodphalcondb . Users) The User 'gopinathr511' has been updated.
[Wed, 14 May 14 09:46:59 +0000][INFO] - (Multimodphalcondb . Users) The User 'admin' has been updated.
[Wed, 14 May 14 09:57:16 +0000][INFO] - (Multimodphalcondb . Users) The User 'admin' has been updated.
[Wed, 14 May 14 09:57:47 +0000][INFO] - (Multimodphalcondb . Users) The User 'gopinathr511' has been updated.
[Wed, 14 May 14 09:57:53 +0000][INFO] - (Multimodphalcondb . Users) The User 'gopinathr511' has been updated.
[Wed, 14 May 14 11:31:17 +0000][INFO] - (Multimodphalcondb . Users) The User 'admin' has been updated.
[Wed, 14 May 14 11:32:46 +0000][INFO] - (Multimodphalcondb . Users) The User 'admin' has been updated.
[Wed, 14 May 14 11:36:46 +0000][INFO] - (Multimodphalcondb . Users) The User 'admin' has been updated.
[Wed, 14 May 14 11:37:56 +0000][INFO] - (Multimodphalcondb . Users) The User 'admin' has been updated.
[Wed, 14 May 14 11:40:59 +0000][INFO] - (Multimodphalcondb . Users) The User 'admin' has been updated.
[Wed, 14 May 14 11:41:07 +0000][INFO] - (Multimodphalcondb . Users) The User 'gopinathr511' has been updated.
[Wed, 14 May 14 11:41:20 +0000][INFO] - (Multimodphalcondb . Users) The User 'admin' has been updated.
[Wed, 14 May 14 11:41:29 +0000][INFO] - (Multimodphalcondb . Users) The User 'admin' has been updated.
[Wed, 14 May 14 11:41:35 +0000][INFO] - (Multimodphalcondb . Users) The User 'admin' has been updated.
[Wed, 14 May 14 11:41:41 +0000][INFO] - (Multimodphalcondb . Users) The User 'admin' has been updated.
[Wed, 14 May 14 11:41:46 +0000][INFO] - (Multimodphalcondb . Users) The User 'admin' has been updated.
[Wed, 14 May 14 11:42:06 +0000][INFO] - (Multimodphalcondb . Users) The User 'admin' has been updated.
[Wed, 14 May 14 11:43:33 +0000][INFO] - (Multimodphalcondb . Users) The User 'admin' has been updated.
[Wed, 14 May 14 11:43:42 +0000][INFO] - (Multimodphalcondb . Users) The User 'admin' has been updated.
[Wed, 14 May 14 11:45:13 +0000][INFO] - (Multimodphalcondb . Users) The User 'admin' has been updated.
[Wed, 14 May 14 11:45:19 +0000][INFO] - (Multimodphalcondb . Users) The User 'admin' has been updated.
[Wed, 14 May 14 11:45:31 +0000][INFO] - (Multimodphalcondb . Users) The User 'admin' has been updated.
[Wed, 14 May 14 11:45:40 +0000][INFO] - (Multimodphalcondb . Users) The User 'admin' has been updated.
[Wed, 14 May 14 11:46:53 +0000][INFO] - (Multimodphalcondb . Users) The User 'admin' has been updated.
[Wed, 14 May 14 11:47:07 +0000][INFO] - (Multimodphalcondb . Users) The User 'gopinathr511' has been updated.
[Wed, 14 May 14 11:47:23 +0000][INFO] - (Multimodphalcondb . Users) The User 'gopinathr511' has been updated.
[Wed, 14 May 14 11:47:29 +0000][INFO] - (Multimodphalcondb . Users) The User 'admin' has been updated.
[Wed, 14 May 14 11:51:13 +0000][INFO] - (Multimodphalcondb . Users) The User 'admin' has been updated.
[Wed, 14 May 14 11:51:20 +0000][INFO] - (Multimodphalcondb . Users) The User 'admin' has been updated.
[Wed, 14 May 14 11:51:38 +0000][INFO] - (Multimodphalcondb . Users) The User 'admin' has been updated.
[Wed, 14 May 14 11:51:45 +0000][INFO] - (Multimodphalcondb . Users) The User 'admin' has been updated.
[Wed, 14 May 14 11:55:51 +0000][INFO] - (Multimodphalcondb . Users) The User 'admin' has been updated.
[Wed, 14 May 14 11:56:23 +0000][INFO] - (Multimodphalcondb . Users) The User 'admin' has been updated.
[Wed, 14 May 14 11:56:52 +0000][INFO] - (Multimodphalcondb . Users) The User 'admin' has been updated.
[Wed, 14 May 14 11:57:03 +0000][INFO] - (Multimodphalcondb . Users) The User 'admin' has been updated.
[Wed, 14 May 14 11:57:26 +0000][INFO] - (Multimodphalcondb . Users) The User 'admin' has been updated.
[Wed, 14 May 14 11:57:32 +0000][INFO] - (Multimodphalcondb . Users) The User 'admin' has been updated.
[Wed, 14 May 14 11:57:48 +0000][INFO] - (Multimodphalcondb . Users) The User 'admin' has been updated.
[Wed, 14 May 14 11:57:55 +0000][INFO] - (Multimodphalcondb . Users) The User 'admin' has been updated.
[Wed, 14 May 14 11:58:12 +0000][INFO] - (Multimodphalcondb . Users) The User 'admin' has been updated.
[Wed, 14 May 14 11:58:38 +0000][INFO] - (Multimodphalcondb . Users) The User 'admin' has been updated.
[Wed, 14 May 14 11:58:44 +0000][INFO] - (Multimodphalcondb . Users) The User 'admin' has been updated.
[Wed, 14 May 14 11:58:56 +0000][INFO] - (Multimodphalcondb . Users) The User 'admin' has been updated.
[Wed, 14 May 14 11:59:12 +0000][INFO] - (Multimodphalcondb . Users) The User 'admin' has been updated.
[Wed, 14 May 14 11:59:24 +0000][INFO] - (Multimodphalcondb . Users) The User 'admin' has been updated.
[Wed, 14 May 14 11:59:39 +0000][INFO] - (Multimodphalcondb . Users) The User 'gopinathr511' has been updated.
[Wed, 14 May 14 12:01:18 +0000][INFO] - (Multimodphalcondb . Users) The User 'admin' has been updated.
[Wed, 14 May 14 12:01:28 +0000][INFO] - (Multimodphalcondb . Users) The User 'gopinathr511' has been updated.
[Wed, 14 May 14 12:01:29 +0000][INFO] - (Multimodphalcondb . Users) The User 'admin' has been updated.
[Wed, 14 May 14 12:01:36 +0000][INFO] - (Multimodphalcondb . Users) The User 'admin' has been updated.
[Wed, 14 May 14 12:01:47 +0000][INFO] - (Multimodphalcondb . Users) The User 'admin' has been updated.
[Wed, 14 May 14 12:11:48 +0000][INFO] - (Multimodphalcondb . Users) The User 'admin' has been updated.
[Wed, 14 May 14 12:12:58 +0000][INFO] - (Multimodphalcondb . Users) The User 'admin' has been updated.
[Wed, 14 May 14 12:13:06 +0000][INFO] - (Multimodphalcondb . Users) The User 'admin' has been updated.
[Wed, 14 May 14 12:13:12 +0000][INFO] - (Multimodphalcondb . Users) The User 'admin' has been updated.
[Wed, 14 May 14 12:15:27 +0000][INFO] - (Multimodphalcondb . Users) The User 'admin' has been updated.
[Wed, 14 May 14 12:18:15 +0000][INFO] - (Multimodphalcondb . Users) The User 'gopinathr511' has been updated.
[Wed, 14 May 14 12:18:57 +0000][INFO] - (Multimodphalcondb . Users) The User 'admin' has been updated.
[Wed, 14 May 14 12:21:01 +0000][INFO] - (Multimodphalcondb . Users) The User 'admin' has been updated.
[Wed, 14 May 14 12:21:55 +0000][INFO] - (Multimodphalcondb . Users) The User 'admin' has been updated.
[Wed, 14 May 14 13:00:40 +0000][INFO] - (Multimodphalcondb . Users) The User 'admin' has been updated.
[Wed, 14 May 14 13:01:12 +0000][INFO] - (Multimodphalcondb . Users) The User 'gopinathr511' has been updated.
[Wed, 14 May 14 13:01:21 +0000][INFO] - (Multimodphalcondb . Users) The User 'gopinathr511' has been updated.
[Thu, 15 May 14 07:32:38 +0000][INFO] - (Multimodphalcondb . Users) The User 'admin' has been updated.
[Thu, 15 May 14 07:32:46 +0000][INFO] - (Multimodphalcondb . Users) The User 'admin' has been updated.
[Thu, 15 May 14 07:34:24 +0000][INFO] - (Multimodphalcondb . Users) The User 'admin' has been updated.
[Thu, 15 May 14 07:34:48 +0000][INFO] - (Multimodphalcondb . Users) The User 'admin' has been updated.
[Thu, 15 May 14 07:36:32 +0000][INFO] - (Multimodphalcondb . Users) The User 'admin' has been updated.
[Thu, 15 May 14 07:36:36 +0000][INFO] - (Multimodphalcondb . Users) The User 'admin' has been updated.
[Thu, 15 May 14 07:50:52 +0000][INFO] - (Multimodphalcondb . Users) The User 'admin' has been updated.
[Thu, 15 May 14 07:51:59 +0000][INFO] - (Multimodphalcondb . Users) The User 'admin' has been updated.
[Thu, 15 May 14 09:05:22 +0000][INFO] - (Multimodphalcondb . Users) The User 'admin' has been updated.
[Thu, 15 May 14 09:05:56 +0000][INFO] - (Multimodphalcondb . Users) The User 'admin' has been updated.
[Thu, 15 May 14 09:53:15 +0000][INFO] - (Multimodphalcondb . Users) The User 'admin' has been updated.
[Thu, 15 May 14 09:54:09 +0000][INFO] - (Multimodphalcondb . Users) The User 'admin' has been updated.
[Thu, 15 May 14 10:04:49 +0000][INFO] - (Multimodphalcondb . Users) The User 'admin' has been updated.
[Thu, 15 May 14 10:04:57 +0000][INFO] - (Multimodphalcondb . Users) The User 'admin' has been updated.
[Thu, 15 May 14 10:05:11 +0000][INFO] - (Multimodphalcondb . Users) The User 'gopinathr511' has been updated.
[Thu, 15 May 14 10:05:22 +0000][INFO] - (Multimodphalcondb . Users) The User 'gopinathr511' has been updated.
[Thu, 15 May 14 10:06:07 +0000][INFO] - (Multimodphalcondb . Users) The User 'admin' has been updated.
[Thu, 15 May 14 10:06:14 +0000][INFO] - (Multimodphalcondb . Users) The User 'admin' has been updated.
[Thu, 15 May 14 10:07:37 +0000][INFO] - (Multimodphalcondb . Users) The User 'admin' has been updated.
[Thu, 15 May 14 10:07:50 +0000][INFO] - (Multimodphalcondb . Users) The User 'admin' has been updated.
[Thu, 15 May 14 10:09:46 +0000][INFO] - (Multimodphalcondb . Users) The User 'admin' has been updated.
[Thu, 15 May 14 10:09:54 +0000][INFO] - (Multimodphalcondb . Users) The User 'admin' has been updated.
[Thu, 15 May 14 10:11:19 +0000][INFO] - (Multimodphalcondb . Users) The User 'admin' has been updated.
[Thu, 15 May 14 10:11:26 +0000][INFO] - (Multimodphalcondb . Users) The User 'admin' has been updated.
[Thu, 15 May 14 10:57:38 +0000][INFO] - (Multimodphalcondb . Users) The User 'admin' has been updated.
[Thu, 15 May 14 11:01:02 +0000][INFO] - (Multimodphalcondb . Users) The User 'admin' has been updated.
[Thu, 15 May 14 11:03:45 +0000][INFO] - (Multimodphalcondb . Users) The User 'admin' has been updated.
[Thu, 15 May 14 11:04:06 +0000][INFO] - (Multimodphalcondb . Users) The User 'admin' has been updated.
[Thu, 15 May 14 11:04:18 +0000][INFO] - (Multimodphalcondb . Users) The User 'admin' has been updated.
[Thu, 15 May 14 11:04:28 +0000][INFO] - (Multimodphalcondb . Users) The User 'admin' has been updated.
[Thu, 15 May 14 11:50:33 +0000][INFO] - (Multimodphalcondb . Users) The User 'admin' has been updated.
[Thu, 15 May 14 11:51:26 +0000][INFO] - (Multimodphalcondb . Users) The User 'admin' has been updated.
[Thu, 15 May 14 11:55:24 +0000][INFO] - (Multimodphalcondb . Users) The User 'admin' has been updated.
[Thu, 15 May 14 11:56:02 +0000][INFO] - (Multimodphalcondb . Users) The User 'admin' has been updated.
[Thu, 15 May 14 11:59:50 +0000][INFO] - (Multimodphalcondb . Users) The User 'admin' has been updated.
[Thu, 15 May 14 12:00:09 +0000][INFO] - (Multimodphalcondb . Users) The User 'admin' has been updated.
[Thu, 15 May 14 12:02:15 +0000][INFO] - (Multimodphalcondb . Users) The User 'admin' has been updated.
[Thu, 15 May 14 12:02:51 +0000][INFO] - (Multimodphalcondb . Users) The User 'admin' has been updated.
[Thu, 15 May 14 12:20:13 +0000][INFO] - (Multimodphalcondb . Users) The User 'admin' has been updated.
[Thu, 15 May 14 12:20:21 +0000][INFO] - (Multimodphalcondb . Users) The User 'admin' has been updated.
[Thu, 15 May 14 13:55:27 +0000][INFO] - (Multimodphalcondb . Users) The User 'admin' has been updated.
[Thu, 15 May 14 13:59:23 +0000][INFO] - (Multimodphalcondb . Users) The User 'admin' has been updated.
[Thu, 15 May 14 13:59:40 +0000][INFO] - (Multimodphalcondb . Users) The User 'admin' has been updated.
[Thu, 15 May 14 14:03:15 +0000][INFO] - (Multimodphalcondb . Users) The User 'admin' has been updated.
[Thu, 15 May 14 14:05:00 +0000][INFO] - (Multimodphalcondb . Users) The User 'admin' has been updated.
[Thu, 15 May 14 14:11:56 +0000][INFO] - (Multimodphalcondb . Users) The User 'admin' has been updated.
[Fri, 16 May 14 07:03:25 +0000][INFO] - (Multimodphalcondb . Users) The User 'admin' has been updated.
[Fri, 16 May 14 07:46:01 +0000][INFO] - (Multimodphalcondb . Users) The User 'admin' has been updated.
